This is LuaHBTeX, Version 1.17.0 (TeX Live 2023)  (format=lualatex 2024.2.9)  13 FEB 2024 13:39
 restricted system commands enabled.
**index.tex
(./index.tex
LaTeX2e <2023-11-01> patch level 1
L3 programming layer <2024-01-22>
Lua module: luaotfload 2023-08-31 3.26 Lua based OpenType font support
Lua module: lualibs 2023-07-13 2.76 ConTeXt Lua standard libraries.
Lua module: lualibs-extended 2023-07-13 2.76 ConTeXt Lua libraries -- extended c
ollection.
luaotfload | conf : Root cache directory is "/Users/hermite/Library/texlive/2023
/texmf-var/luatex-cache/generic/names".
luaotfload | init : Loading fontloader "fontloader-2023-08-19.lua" from kpse-res
olved path "/usr/local/texlive/2023/texmf-dist/tex/luatex/luaotfload/fontloader-
2023-08-19.lua".
Lua-only attribute luaotfload@noligature = 1
luaotfload | init : Context OpenType loader version 3.133
Inserting `luaotfload.node_processor' in `pre_linebreak_filter'.
Inserting `luaotfload.node_processor' in `hpack_filter'.
Inserting `luaotfload.glyph_stream' in `glyph_stream_provider'.
Inserting `luaotfload.define_font' in `define_font'.
Lua-only attribute luaotfload_color_attribute = 2
luaotfload | conf : Root cache directory is "/Users/hermite/Library/texlive/2023
/texmf-var/luatex-cache/generic/names".
Inserting `luaotfload.harf.strip_prefix' in `find_opentype_file'.
Inserting `luaotfload.harf.strip_prefix' in `find_truetype_file'.
Removing  `luaotfload.glyph_stream' from `glyph_stream_provider'.
Inserting `luaotfload.harf.glyphstream' in `glyph_stream_provider'.
Inserting `luaotfload.harf.finalize_vlist' in `post_linebreak_filter'.
Inserting `luaotfload.harf.finalize_hlist' in `hpack_filter'.
Inserting `luaotfload.cleanup_files' in `wrapup_run'.
Inserting `luaotfload.harf.finalize_unicode' in `finish_pdffile'.
Inserting `luaotfload.glyphinfo' in `glyph_info'.
Lua-only attribute luaotfload.letterspace_done = 3
Inserting `luaotfload.aux.set_sscale_dimens' in `luaotfload.patch_font'.
Inserting `luaotfload.aux.set_font_index' in `luaotfload.patch_font'.
Inserting `luaotfload.aux.patch_cambria_domh' in `luaotfload.patch_font'.
Inserting `luaotfload.aux.fixup_fontdata' in `luaotfload.patch_font_unsafe'.
Inserting `luaotfload.aux.set_capheight' in `luaotfload.patch_font'.
Inserting `luaotfload.aux.set_xheight' in `luaotfload.patch_font'.
Inserting `luaotfload.rewrite_fontname' in `luaotfload.patch_font'.
Inserting `tracingstacklevels' in `input_level_string'. (/usr/local/texlive/202
3/texmf-dist/tex/latex/base/book.cls
Document Class: book 2023/05/17 v1.4n Standard LaTeX document class
(/usr/local/texlive/2023/texmf-dist/tex/latex/base/bk10.clo
File: bk10.clo 2023/05/17 v1.4n Standard LaTeX file (size option)
luaotfload | db : Font names database loaded from /Users/hermite/Library/texlive
/2023/texmf-var/luatex-cache/generic/names/luaotfload-names.luc.gz)
\c@part=\count185
\c@chapter=\count186
\c@section=\count187
\c@subsection=\count188
\c@subsubsection=\count189
\c@paragraph=\count190
\c@subparagraph=\count191
\c@figure=\count192
\c@table=\count193
\abovecaptionskip=\skip48
\belowcaptionskip=\skip49
\bibindent=\dimen139
) (/usr/local/texlive/2023/texmf-dist/tex/latex/amsmath/amsmath.sty
Package: amsmath 2023/05/13 v2.17o AMS math features
\@mathmargin=\skip50
For additional information on amsmath, use the `?' option.
(/usr/local/texlive/2023/texmf-dist/tex/latex/amsmath/amstext.sty
Package: amstext 2021/08/26 v2.01 AMS text
(/usr/local/texlive/2023/texmf-dist/tex/latex/amsmath/amsgen.sty
File: amsgen.sty 1999/11/30 v2.0 generic functions
\@emptytoks=\toks17
\ex@=\dimen140
)) (/usr/local/texlive/2023/texmf-dist/tex/latex/amsmath/amsbsy.sty
Package: amsbsy 1999/11/29 v1.2d Bold Symbols
\pmbraise@=\dimen141
) (/usr/local/texlive/2023/texmf-dist/tex/latex/amsmath/amsopn.sty
Package: amsopn 2022/04/08 v2.04 operator names
)
\inf@bad=\count194
LaTeX Info: Redefining \frac on input line 236.
\uproot@=\count195
\leftroot@=\count196
LaTeX Info: Redefining \overline on input line 399.
LaTeX Info: Redefining \colon on input line 410.
\classnum@=\count197
\DOTSCASE@=\count198
LaTeX Info: Redefining \ldots on input line 496.
LaTeX Info: Redefining \dots on input line 499.
LaTeX Info: Redefining \cdots on input line 620.
\Mathstrutbox@=\box51
\strutbox@=\box52
LaTeX Info: Redefining \big on input line 722.
LaTeX Info: Redefining \Big on input line 723.
LaTeX Info: Redefining \bigg on input line 724.
LaTeX Info: Redefining \Bigg on input line 725.
\big@size=\dimen142
LaTeX Font Info:    Redeclaring font encoding OML on input line 743.
LaTeX Font Info:    Redeclaring font encoding OMS on input line 744.
\macc@depth=\count199
LaTeX Info: Redefining \bmod on input line 905.
LaTeX Info: Redefining \pmod on input line 910.
LaTeX Info: Redefining \smash on input line 940.
LaTeX Info: Redefining \relbar on input line 970.
LaTeX Info: Redefining \Relbar on input line 971.
\c@MaxMatrixCols=\count266
\dotsspace@=\muskip16
\c@parentequation=\count267
\dspbrk@lvl=\count268
\tag@help=\toks18
\row@=\count269
\column@=\count270
\maxfields@=\count271
\andhelp@=\toks19
\eqnshift@=\dimen143
\alignsep@=\dimen144
\tagshift@=\dimen145
\tagwidth@=\dimen146
\totwidth@=\dimen147
\lineht@=\dimen148
\@envbody=\toks20
\multlinegap=\skip51
\multlinetaggap=\skip52
\mathdisplay@stack=\toks21
LaTeX Info: Redefining \[ on input line 2953.
LaTeX Info: Redefining \] on input line 2954.
) (/usr/local/texlive/2023/texmf-dist/tex/latex/amsfonts/amssymb.sty
Package: amssymb 2013/01/14 v3.01 AMS font symbols
(/usr/local/texlive/2023/texmf-dist/tex/latex/amsfonts/amsfonts.sty
Package: amsfonts 2013/01/14 v3.01 Basic AMSFonts support
\symAMSa=\mathgroup4
\symAMSb=\mathgroup5
LaTeX Font Info:    Redeclaring math symbol \hbar on input line 98.
LaTeX Font Info:    Overwriting math alphabet `\mathfrak' in version `bold'
(Font)                  U/euf/m/n --> U/euf/b/n on input line 106.
)) (/usr/local/texlive/2023/texmf-dist/tex/generic/iftex/iftex.sty
Package: iftex 2022/02/03 v1.0f TeX engine tests
) (/usr/local/texlive/2023/texmf-dist/tex/latex/unicode-math/unicode-math.sty (/usr/local/texlive/2023/texmf-dist/tex/latex/l3kernel/expl3.sty
Package: expl3 2024-01-22 L3 programming layer (loader) 
(/usr/local/texlive/2023/texmf-dist/tex/latex/l3backend/l3backend-luatex.def
File: l3backend-luatex.def 2024-01-04 L3 backend support: PDF output (LuaTeX)
\l__color_backend_stack_int=\count272
Inserting `l3color' in `luaotfload.parse_color'.
\l__pdf_internal_box=\box53
))
Package: unicode-math 2023/08/13 v0.8r Unicode maths in XeLaTeX and LuaLaTeX

(/usr/local/texlive/2023/texmf-dist/tex/latex/unicode-math/unicode-math-luatex.
sty
Package: unicode-math-luatex 2023/08/13 v0.8r Unicode maths in XeLaTeX and LuaL
aTeX
(/usr/local/texlive/2023/texmf-dist/tex/latex/l3packages/xparse/xparse.sty
Package: xparse 2023-10-10 L3 Experimental document command parser
) (/usr/local/texlive/2023/texmf-dist/tex/latex/l3packages/l3keys2e/l3keys2e.st
y
Package: l3keys2e 2023-10-10 LaTeX2e option processing using LaTeX3 keys
) (/usr/local/texlive/2023/texmf-dist/tex/latex/fontspec/fontspec.sty
Package: fontspec 2022/01/15 v2.8a Font selection for XeLaTeX and LuaLaTeX
Lua module: fontspec 2022/01/15 2.8a Font selection for XeLaTeX and LuaLaTeX (/
usr/local/texlive/2023/texmf-dist/tex/latex/fontspec/fontspec-luatex.sty
Package: fontspec-luatex 2022/01/15 v2.8a Font selection for XeLaTeX and LuaLaT
eX
\l__fontspec_script_int=\count273
\l__fontspec_language_int=\count274
\l__fontspec_strnum_int=\count275
\l__fontspec_tmp_int=\count276
\l__fontspec_tmpa_int=\count277
\l__fontspec_tmpb_int=\count278
\l__fontspec_tmpc_int=\count279
\l__fontspec_em_int=\count280
\l__fontspec_emdef_int=\count281
\l__fontspec_strong_int=\count282
\l__fontspec_strongdef_int=\count283
\l__fontspec_tmpa_dim=\dimen149
\l__fontspec_tmpb_dim=\dimen150
\l__fontspec_tmpc_dim=\dimen151
(/usr/local/texlive/2023/texmf-dist/tex/latex/base/fontenc.sty
Package: fontenc 2021/04/29 v2.0v Standard LaTeX package
) (/usr/local/texlive/2023/texmf-dist/tex/latex/fontspec/fontspec.cfg))) (/usr/
local/texlive/2023/texmf-dist/tex/latex/base/fix-cm.sty
Package: fix-cm 2020/11/24 v1.1t fixes to LaTeX
(/usr/local/texlive/2023/texmf-dist/tex/latex/base/ts1enc.def
File: ts1enc.def 2001/06/05 v3.0e (jk/car/fm) Standard LaTeX file
LaTeX Font Info:    Redeclaring font encoding TS1 on input line 47.
))
(/usr/local/texlive/2023/texmf-dist/tex/lualatex/lualatex-math/lualatex-math.st
y
Package: lualatex-math 2022/01/01 v1.12 Patches for mathematics typesetting wit
h LuaLaTeX
(/usr/local/texlive/2023/texmf-dist/tex/latex/etoolbox/etoolbox.sty
Package: etoolbox 2020/10/05 v2.5k e-TeX tools for LaTeX (JAW)
\etb@tempcnta=\count284
)
Lua module: lualatex-math 2013/08/03 1.3 Patches for mathematics typesetting wit
h LuaLaTeX)
\g__um_fam_int=\count285
\g__um_fonts_used_int=\count286
\l__um_primecount_int=\count287
\g__um_primekern_muskip=\muskip17

(/usr/local/texlive/2023/texmf-dist/tex/latex/unicode-math/unicode-math-table.t
ex))) (/usr/local/texlive/2023/texmf-dist/tex/latex/lm/lmodern.sty
Package: lmodern 2015/05/01 v1.6.1 Latin Modern Fonts
LaTeX Font Info:    Overwriting symbol font `operators' in version `normal'
(Font)                  OT1/cmr/m/n --> OT1/lmr/m/n on input line 22.
LaTeX Font Info:    Overwriting symbol font `letters' in version `normal'
(Font)                  OML/cmm/m/it --> OML/lmm/m/it on input line 23.
LaTeX Font Info:    Overwriting symbol font `symbols' in version `normal'
(Font)                  OMS/cmsy/m/n --> OMS/lmsy/m/n on input line 24.
LaTeX Font Info:    Overwriting symbol font `largesymbols' in version `normal'
(Font)                  OMX/cmex/m/n --> OMX/lmex/m/n on input line 25.
LaTeX Font Info:    Overwriting symbol font `operators' in version `bold'
(Font)                  OT1/cmr/bx/n --> OT1/lmr/bx/n on input line 26.
LaTeX Font Info:    Overwriting symbol font `letters' in version `bold'
(Font)                  OML/cmm/b/it --> OML/lmm/b/it on input line 27.
LaTeX Font Info:    Overwriting symbol font `symbols' in version `bold'
(Font)                  OMS/cmsy/b/n --> OMS/lmsy/b/n on input line 28.
LaTeX Font Info:    Overwriting symbol font `largesymbols' in version `bold'
(Font)                  OMX/cmex/m/n --> OMX/lmex/m/n on input line 29.
LaTeX Font Info:    Overwriting math alphabet `\mathbf' in version `normal'
(Font)                  OT1/cmr/bx/n --> OT1/lmr/bx/n on input line 31.
LaTeX Font Info:    Overwriting math alphabet `\mathsf' in version `normal'
(Font)                  OT1/cmss/m/n --> OT1/lmss/m/n on input line 32.
LaTeX Font Info:    Overwriting math alphabet `\mathit' in version `normal'
(Font)                  OT1/cmr/m/it --> OT1/lmr/m/it on input line 33.
LaTeX Font Info:    Overwriting math alphabet `\mathtt' in version `normal'
(Font)                  OT1/cmtt/m/n --> OT1/lmtt/m/n on input line 34.
LaTeX Font Info:    Overwriting math alphabet `\mathbf' in version `bold'
(Font)                  OT1/cmr/bx/n --> OT1/lmr/bx/n on input line 35.
LaTeX Font Info:    Overwriting math alphabet `\mathsf' in version `bold'
(Font)                  OT1/cmss/bx/n --> OT1/lmss/bx/n on input line 36.
LaTeX Font Info:    Overwriting math alphabet `\mathit' in version `bold'
(Font)                  OT1/cmr/bx/it --> OT1/lmr/bx/it on input line 37.
LaTeX Font Info:    Overwriting math alphabet `\mathtt' in version `bold'
(Font)                  OT1/cmtt/m/n --> OT1/lmtt/m/n on input line 38.
) (/usr/local/texlive/2023/texmf-dist/tex/latex/upquote/upquote.sty
Package: upquote 2012/04/19 v1.3 upright-quote and grave-accent glyphs in verba
tim
(/usr/local/texlive/2023/texmf-dist/tex/latex/base/textcomp.sty
Package: textcomp 2020/02/02 v2.0n Standard LaTeX package
)) (/usr/local/texlive/2023/texmf-dist/tex/latex/microtype/microtype.sty
Package: microtype 2023/03/13 v3.1a Micro-typographical refinements (RS)
(/usr/local/texlive/2023/texmf-dist/tex/latex/graphics/keyval.sty
Package: keyval 2022/05/29 v1.15 key=value parser (DPC)
\KV@toks@=\toks22
)
\MT@toks=\toks23
\MT@tempbox=\box54
\MT@count=\count288
LaTeX Info: Redefining \noprotrusionifhmode on input line 1059.
LaTeX Info: Redefining \leftprotrusion on input line 1060.
\MT@prot@toks=\toks24
LaTeX Info: Redefining \rightprotrusion on input line 1078.
LaTeX Info: Redefining \textls on input line 1368.
\MT@outer@kern=\dimen152
LaTeX Info: Redefining \textmicrotypecontext on input line 1988.
\MT@listname@count=\count289
(/usr/local/texlive/2023/texmf-dist/tex/latex/microtype/microtype-luatex.def
File: microtype-luatex.def 2023/03/13 v3.1a Definitions specific to luatex (RS)

Lua module: microtype 2023/03/13 3.1a microtype module.
Module microtype Info: overwriting function `keepligature' on input line 63
LaTeX Info: Redefining \lsstyle on input line 688.
LaTeX Info: Redefining \lslig on input line 688.
\MT@outer@space=\skip53
)
Package microtype Info: Loading configuration file microtype.cfg.
(/usr/local/texlive/2023/texmf-dist/tex/latex/microtype/microtype.cfg
File: microtype.cfg 2023/03/13 v3.1a microtype main configuration file (RS)
)) (/usr/local/texlive/2023/texmf-dist/tex/latex/parskip/parskip.sty
Package: parskip 2021-03-14 v2.0h non-zero parskip adjustments
(/usr/local/texlive/2023/texmf-dist/tex/latex/kvoptions/kvoptions.sty
Package: kvoptions 2022-06-15 v3.15 Key value format for package options (HO)
(/usr/local/texlive/2023/texmf-dist/tex/generic/ltxcmds/ltxcmds.sty
Package: ltxcmds 2023-12-04 v1.26 LaTeX kernel commands for general use (HO)
) (/usr/local/texlive/2023/texmf-dist/tex/latex/kvsetkeys/kvsetkeys.sty
Package: kvsetkeys 2022-10-05 v1.19 Key value parser (HO)
))) (/usr/local/texlive/2023/texmf-dist/tex/latex/xcolor/xcolor.sty
Package: xcolor 2023/11/15 v3.01 LaTeX color extensions (UK)
(/usr/local/texlive/2023/texmf-dist/tex/latex/graphics-cfg/color.cfg
File: color.cfg 2016/01/02 v1.6 sample color configuration
)
Package xcolor Info: Driver file: luatex.def on input line 274.
(/usr/local/texlive/2023/texmf-dist/tex/latex/graphics-def/luatex.def
File: luatex.def 2022/09/22 v1.2d Graphics/color driver for luatex
) (/usr/local/texlive/2023/texmf-dist/tex/latex/graphics/mathcolor.ltx)
Package xcolor Info: Model `cmy' substituted by `cmy0' on input line 1350.
Package xcolor Info: Model `hsb' substituted by `rgb' on input line 1354.
Package xcolor Info: Model `RGB' extended on input line 1366.
Package xcolor Info: Model `HTML' substituted by `rgb' on input line 1368.
Package xcolor Info: Model `Hsb' substituted by `hsb' on input line 1369.
Package xcolor Info: Model `tHsb' substituted by `hsb' on input line 1370.
Package xcolor Info: Model `HSB' substituted by `hsb' on input line 1371.
Package xcolor Info: Model `Gray' substituted by `gray' on input line 1372.
Package xcolor Info: Model `wave' substituted by `hsb' on input line 1373.
) (/usr/local/texlive/2023/texmf-dist/tex/latex/graphics/dvipsnam.def
File: dvipsnam.def 2016/06/17 v3.0m Driver-dependent file (DPC,SPQR)
) (/usr/local/texlive/2023/texmf-dist/tex/latex/xcolor/svgnam.def
File: svgnam.def 2023/11/15 v3.01 Predefined colors according to SVG 1.1 (UK)
) (/usr/local/texlive/2023/texmf-dist/tex/latex/xcolor/x11nam.def
File: x11nam.def 2023/11/15 v3.01 Predefined colors according to Unix/X11 (UK)
) (/usr/local/texlive/2023/texmf-dist/tex/latex/geometry/geometry.sty
Package: geometry 2020/01/02 v5.9 Page Geometry
(/usr/local/texlive/2023/texmf-dist/tex/generic/iftex/ifvtex.sty
Package: ifvtex 2019/10/25 v1.7 ifvtex legacy package. Use iftex instead.
)
\Gm@cnth=\count290
\Gm@cntv=\count291
\c@Gm@tempcnt=\count292
\Gm@bindingoffset=\dimen153
\Gm@wd@mp=\dimen154
\Gm@odd@mp=\dimen155
\Gm@even@mp=\dimen156
\Gm@layoutwidth=\dimen157
\Gm@layoutheight=\dimen158
\Gm@layouthoffset=\dimen159
\Gm@layoutvoffset=\dimen160
\Gm@dimlist=\toks25
) (/usr/local/texlive/2023/texmf-dist/tex/latex/tools/longtable.sty
Package: longtable 2023-11-01 v4.19 Multi-page Table package (DPC)
\LTleft=\skip54
\LTright=\skip55
\LTpre=\skip56
\LTpost=\skip57
\LTchunksize=\count293
\LTcapwidth=\dimen161
\LT@head=\box55
\LT@firsthead=\box56
\LT@foot=\box57
\LT@lastfoot=\box58
\LT@gbox=\box59
\LT@cols=\count294
\LT@rows=\count295
\c@LT@tables=\count296
\c@LT@chunks=\count297
\LT@p@ftn=\toks26
) (/usr/local/texlive/2023/texmf-dist/tex/latex/booktabs/booktabs.sty
Package: booktabs 2020/01/12 v1.61803398 Publication quality tables
\heavyrulewidth=\dimen162
\lightrulewidth=\dimen163
\cmidrulewidth=\dimen164
\belowrulesep=\dimen165
\belowbottomsep=\dimen166
\aboverulesep=\dimen167
\abovetopsep=\dimen168
\cmidrulesep=\dimen169
\cmidrulekern=\dimen170
\defaultaddspace=\dimen171
\@cmidla=\count298
\@cmidlb=\count299
\@aboverulesep=\dimen172
\@belowrulesep=\dimen173
\@thisruleclass=\count300
\@lastruleclass=\count301
\@thisrulewidth=\dimen174
) (/usr/local/texlive/2023/texmf-dist/tex/latex/tools/array.sty
Package: array 2023/10/16 v2.5g Tabular extension package (FMi)
\col@sep=\dimen175
\ar@mcellbox=\box60
\extrarowheight=\dimen176
\NC@list=\toks27
\extratabsurround=\skip58
\backup@length=\skip59
\ar@cellbox=\box61
) (/usr/local/texlive/2023/texmf-dist/tex/latex/tools/calc.sty
Package: calc 2023/07/08 v4.3 Infix arithmetic (KKT,FJ)
\calc@Acount=\count302
\calc@Bcount=\count303
\calc@Adimen=\dimen177
\calc@Bdimen=\dimen178
\calc@Askip=\skip60
\calc@Bskip=\skip61
LaTeX Info: Redefining \setlength on input line 80.
LaTeX Info: Redefining \addtolength on input line 81.
\calc@Ccount=\count304
\calc@Cskip=\skip62
) (/usr/local/texlive/2023/texmf-dist/tex/latex/footnotehyper/footnotehyper.sty
Package: footnotehyper 2021/08/13 v1.1e hyperref aware footnote.sty (JFB)
\FNH@notes=\box62
\FNH@width=\dimen179
\FNH@toks=\toks28
) (/usr/local/texlive/2023/texmf-dist/tex/latex/graphics/graphicx.sty
Package: graphicx 2021/09/16 v1.2d Enhanced LaTeX Graphics (DPC,SPQR)
(/usr/local/texlive/2023/texmf-dist/tex/latex/graphics/graphics.sty
Package: graphics 2022/03/10 v1.4e Standard LaTeX Graphics (DPC,SPQR)
(/usr/local/texlive/2023/texmf-dist/tex/latex/graphics/trig.sty
Package: trig 2021/08/11 v1.11 sin cos tan (DPC)
) (/usr/local/texlive/2023/texmf-dist/tex/latex/graphics-cfg/graphics.cfg
File: graphics.cfg 2016/06/04 v1.11 sample graphics configuration
)
Package graphics Info: Driver file: luatex.def on input line 107.
)
\Gin@req@height=\dimen180
\Gin@req@width=\dimen181
) (/usr/local/texlive/2023/texmf-dist/tex/latex/bookmark/bookmark.sty
Package: bookmark 2023-12-10 v1.31 PDF bookmarks (HO)
(/usr/local/texlive/2023/texmf-dist/tex/latex/hyperref/hyperref.sty
Package: hyperref 2024-01-20 v7.01h Hypertext links for LaTeX
(/usr/local/texlive/2023/texmf-dist/tex/generic/kvdefinekeys/kvdefinekeys.sty
Package: kvdefinekeys 2019-12-19 v1.6 Define keys (HO)
) (/usr/local/texlive/2023/texmf-dist/tex/generic/pdfescape/pdfescape.sty
Package: pdfescape 2019/12/09 v1.15 Implements pdfTeX's escape features (HO)
(/usr/local/texlive/2023/texmf-dist/tex/generic/pdftexcmds/pdftexcmds.sty
Package: pdftexcmds 2020-06-27 v0.33 Utility functions of pdfTeX for LuaTeX (HO
)
(/usr/local/texlive/2023/texmf-dist/tex/generic/infwarerr/infwarerr.sty
Package: infwarerr 2019/12/03 v1.5 Providing info/warning/error messages (HO)
)
Package pdftexcmds Info: \pdf@primitive is available.
Package pdftexcmds Info: \pdf@ifprimitive is available.
Package pdftexcmds Info: \pdfdraftmode found.
\pdftexcmds@toks=\toks29
)) (/usr/local/texlive/2023/texmf-dist/tex/latex/hycolor/hycolor.sty
Package: hycolor 2020-01-27 v1.10 Color options for hyperref/bookmark (HO)
) (/usr/local/texlive/2023/texmf-dist/tex/latex/auxhook/auxhook.sty
Package: auxhook 2019-12-17 v1.6 Hooks for auxiliary files (HO)
) (/usr/local/texlive/2023/texmf-dist/tex/latex/hyperref/nameref.sty
Package: nameref 2023-11-26 v2.56 Cross-referencing by name of section
(/usr/local/texlive/2023/texmf-dist/tex/latex/refcount/refcount.sty
Package: refcount 2019/12/15 v3.6 Data extraction from label references (HO)
)
(/usr/local/texlive/2023/texmf-dist/tex/generic/gettitlestring/gettitlestring.s
ty
Package: gettitlestring 2019/12/15 v1.6 Cleanup title references (HO)
)
\c@section@level=\count305
)
\@linkdim=\dimen182
\Hy@linkcounter=\count306
\Hy@pagecounter=\count307
(/usr/local/texlive/2023/texmf-dist/tex/latex/hyperref/pd1enc.def
File: pd1enc.def 2024-01-20 v7.01h Hyperref: PDFDocEncoding definition (HO)
) (/usr/local/texlive/2023/texmf-dist/tex/generic/intcalc/intcalc.sty
Package: intcalc 2019/12/15 v1.3 Expandable calculations with integers (HO)
)
\Hy@SavedSpaceFactor=\count308
(/usr/local/texlive/2023/texmf-dist/tex/latex/hyperref/puenc.def
File: puenc.def 2024-01-20 v7.01h Hyperref: PDF Unicode definition (HO)
)
Package hyperref Info: Option `unicode' set `true' on input line 4062.
Package hyperref Info: Hyper figures OFF on input line 4179.
Package hyperref Info: Link nesting OFF on input line 4184.
Package hyperref Info: Hyper index ON on input line 4187.
Package hyperref Info: Plain pages OFF on input line 4194.
Package hyperref Info: Backreferencing OFF on input line 4199.
Package hyperref Info: Implicit mode ON; LaTeX internals redefined.
Package hyperref Info: Bookmarks ON on input line 4446.
\c@Hy@tempcnt=\count309
(/usr/local/texlive/2023/texmf-dist/tex/latex/url/url.sty
\Urlmuskip=\muskip18
Package: url 2013/09/16  ver 3.4  Verb mode for urls, etc.
)
LaTeX Info: Redefining \url on input line 4784.
\XeTeXLinkMargin=\dimen183
(/usr/local/texlive/2023/texmf-dist/tex/generic/bitset/bitset.sty
Package: bitset 2019/12/09 v1.3 Handle bit-vector datatype (HO)
(/usr/local/texlive/2023/texmf-dist/tex/generic/bigintcalc/bigintcalc.sty
Package: bigintcalc 2019/12/15 v1.5 Expandable calculations on big integers (HO
)
))
\Fld@menulength=\count310
\Field@Width=\dimen184
\Fld@charsize=\dimen185
Package hyperref Info: Hyper figures OFF on input line 6063.
Package hyperref Info: Link nesting OFF on input line 6068.
Package hyperref Info: Hyper index ON on input line 6071.
Package hyperref Info: backreferencing OFF on input line 6078.
Package hyperref Info: Link coloring OFF on input line 6083.
Package hyperref Info: Link coloring with OCG OFF on input line 6088.
Package hyperref Info: PDF/A mode OFF on input line 6093.
(/usr/local/texlive/2023/texmf-dist/tex/latex/base/atbegshi-ltx.sty
Package: atbegshi-ltx 2021/01/10 v1.0c Emulation of the original atbegshi
package with kernel methods
)
\Hy@abspage=\count311
\c@Item=\count312
\c@Hfootnote=\count313
)
Package hyperref Info: Driver (autodetected): hluatex.
(/usr/local/texlive/2023/texmf-dist/tex/latex/hyperref/hluatex.def
File: hluatex.def 2024-01-20 v7.01h Hyperref driver for luaTeX
(/usr/local/texlive/2023/texmf-dist/tex/generic/stringenc/stringenc.sty
Package: stringenc 2019/11/29 v1.12 Convert strings between diff. encodings (HO
)
) (/usr/local/texlive/2023/texmf-dist/tex/latex/base/atveryend-ltx.sty
Package: atveryend-ltx 2020/08/19 v1.0a Emulation of the original atveryend pac
kage
with kernel methods
)
\Fld@listcount=\count314
\c@bookmark@seq@number=\count315

(/usr/local/texlive/2023/texmf-dist/tex/latex/rerunfilecheck/rerunfilecheck.sty
Package: rerunfilecheck 2022-07-10 v1.10 Rerun checks for auxiliary files (HO)

(/usr/local/texlive/2023/texmf-dist/tex/generic/uniquecounter/uniquecounter.sty
Package: uniquecounter 2019/12/15 v1.4 Provide unlimited unique counter (HO)
)
Package uniquecounter Info: New unique counter `rerunfilecheck' on input line 2
85.
)
\Hy@SectionHShift=\skip63
) (/usr/local/texlive/2023/texmf-dist/tex/latex/bookmark/bkm-pdftex.def
File: bkm-pdftex.def 2023-12-10 v1.31 bookmark driver for pdfTeX and luaTeX (HO
)
\BKM@id=\count316
)) (/usr/local/texlive/2023/texmf-dist/tex/latex/caption/caption.sty
Package: caption 2023/08/05 v3.6o Customizing captions (AR)
(/usr/local/texlive/2023/texmf-dist/tex/latex/caption/caption3.sty
Package: caption3 2023/07/31 v2.4d caption3 kernel (AR)
\caption@tempdima=\dimen186
\captionmargin=\dimen187
\caption@leftmargin=\dimen188
\caption@rightmargin=\dimen189
\caption@width=\dimen190
\caption@indent=\dimen191
\caption@parindent=\dimen192
\caption@hangindent=\dimen193
Package caption Info: Standard document class detected.
)
\c@caption@flags=\count317
\c@continuedfloat=\count318
Package caption Info: hyperref package is loaded.
Package caption Info: longtable package is loaded.
(/usr/local/texlive/2023/texmf-dist/tex/latex/caption/ltcaption.sty
Package: ltcaption 2021/01/08 v1.4c longtable captions (AR)
)) (/usr/local/texlive/2023/texmf-dist/tex/latex/float/float.sty
Package: float 2001/11/08 v1.3d Float enhancements (AL)
\c@float@type=\count319
\float@exts=\toks30
\float@box=\box63
\@float@everytoks=\toks31
\@floatcapt=\box64
)
\@float@every@codelisting=\toks32
\c@codelisting=\count320
(/usr/local/texlive/2023/texmf-dist/tex/latex/caption/subcaption.sty
Package: subcaption 2023/07/28 v1.6b Sub-captions (AR)
Package caption Info: New subtype `subfigure' on input line 238.
\c@subfigure=\count321
Package caption Info: New subtype `subtable' on input line 238.
\c@subtable=\count322
) (/usr/local/texlive/2023/texmf-dist/tex/lualatex/selnolig/selnolig.sty
=== Package selnolig, Version 0.302, Date 2015/10/26 ===
Package: selnolig 2015/10/26
(/usr/local/texlive/2023/texmf-dist/tex/generic/iftex/ifluatex.sty
Package: ifluatex 2019/10/25 v1.5 ifluatex legacy package. Use iftex instead.
) (/usr/local/texlive/2023/texmf-dist/tex/luatex/luatexbase/luatexbase.sty
Package: luatexbase 2015/10/04 v1.3 luatexbase interface to LuaTeX 
(/usr/local/texlive/2023/texmf-dist/tex/luatex/ctablestack/ctablestack.sty
Package: ctablestack 2015/10/01 v1.0 Catcode table stable support
\@catcodetablestackcnt=\count323
)
\CatcodeTableOther=\catcodetable14
\CatcodeTableExpl=\catcodetable15
)
Inserting `Suppress ligatures selectively' in `ligaturing'.) (/usr/local/texliv
e/2023/texmf-dist/tex/latex/biblatex/biblatex.sty
Package: biblatex 2023/03/05 v3.19 programmable bibliographies (PK/MW)
(/usr/local/texlive/2023/texmf-dist/tex/latex/logreq/logreq.sty
Package: logreq 2010/08/04 v1.0 xml request logger
\lrq@indent=\count324
(/usr/local/texlive/2023/texmf-dist/tex/latex/logreq/logreq.def
File: logreq.def 2010/08/04 v1.0 logreq spec v1.0
)) (/usr/local/texlive/2023/texmf-dist/tex/latex/base/ifthen.sty
Package: ifthen 2022/04/13 v1.1d Standard LaTeX ifthen package (DPC)
)
\c@tabx@nest=\count325
\c@listtotal=\count326
\c@listcount=\count327
\c@liststart=\count328
\c@liststop=\count329
\c@citecount=\count330
\c@citetotal=\count331
\c@multicitecount=\count332
\c@multicitetotal=\count333
\c@instcount=\count334
\c@maxnames=\count335
\c@minnames=\count336
\c@maxitems=\count337
\c@minitems=\count338
\c@citecounter=\count339
\c@maxcitecounter=\count340
\c@savedcitecounter=\count341
\c@uniquelist=\count342
\c@uniquename=\count343
\c@refsection=\count344
\c@refsegment=\count345
\c@maxextratitle=\count346
\c@maxextratitleyear=\count347
\c@maxextraname=\count348
\c@maxextradate=\count349
\c@maxextraalpha=\count350
\c@abbrvpenalty=\count351
\c@highnamepenalty=\count352
\c@lownamepenalty=\count353
\c@maxparens=\count354
\c@parenlevel=\count355
\blx@tempcnta=\count356
\blx@tempcntb=\count357
\blx@tempcntc=\count358
\c@blx@maxsection=\count359
\blx@maxsegment@0=\count360
\blx@notetype=\count361
\blx@parenlevel@text=\count362
\blx@parenlevel@foot=\count363
\blx@sectionciteorder@0=\count364
\blx@sectionciteorderinternal@0=\count365
\blx@entrysetcounter=\count366
\blx@biblioinstance=\count367
\labelnumberwidth=\skip64
\labelalphawidth=\skip65
\biblabelsep=\skip66
\bibitemsep=\skip67
\bibnamesep=\skip68
\bibinitsep=\skip69
\bibparsep=\skip70
\bibhang=\skip71
\blx@bcfin=\read2
\blx@bcfout=\write3
\blx@langwohyphens=\language2
\c@mincomprange=\count368
\c@maxcomprange=\count369
\c@mincompwidth=\count370
Package biblatex Info: Trying to load biblatex default data model...
Package biblatex Info: ... file 'blx-dm.def' found.
(/usr/local/texlive/2023/texmf-dist/tex/latex/biblatex/blx-dm.def
File: blx-dm.def 2023/03/05 v3.19 biblatex localization (PK/MW)
)
Package biblatex Info: Trying to load biblatex custom data model...
Package biblatex Info: ... file 'biblatex-dm.cfg' not found.
\c@afterword=\count371
\c@savedafterword=\count372
\c@annotator=\count373
\c@savedannotator=\count374
\c@author=\count375
\c@savedauthor=\count376
\c@bookauthor=\count377
\c@savedbookauthor=\count378
\c@commentator=\count379
\c@savedcommentator=\count380
\c@editor=\count381
\c@savededitor=\count382
\c@editora=\count383
\c@savededitora=\count384
\c@editorb=\count385
\c@savededitorb=\count386
\c@editorc=\count387
\c@savededitorc=\count388
\c@foreword=\count389
\c@savedforeword=\count390
\c@holder=\count391
\c@savedholder=\count392
\c@introduction=\count393
\c@savedintroduction=\count394
\c@namea=\count395
\c@savednamea=\count396
\c@nameb=\count397
\c@savednameb=\count398
\c@namec=\count399
\c@savednamec=\count400
\c@translator=\count401
\c@savedtranslator=\count402
\c@shortauthor=\count403
\c@savedshortauthor=\count404
\c@shorteditor=\count405
\c@savedshorteditor=\count406
\c@labelname=\count407
\c@savedlabelname=\count408
\c@institution=\count409
\c@savedinstitution=\count410
\c@lista=\count411
\c@savedlista=\count412
\c@listb=\count413
\c@savedlistb=\count414
\c@listc=\count415
\c@savedlistc=\count416
\c@listd=\count417
\c@savedlistd=\count418
\c@liste=\count419
\c@savedliste=\count420
\c@listf=\count421
\c@savedlistf=\count422
\c@location=\count423
\c@savedlocation=\count424
\c@organization=\count425
\c@savedorganization=\count426
\c@origlocation=\count427
\c@savedoriglocation=\count428
\c@origpublisher=\count429
\c@savedorigpublisher=\count430
\c@publisher=\count431
\c@savedpublisher=\count432
\c@language=\count433
\c@savedlanguage=\count434
\c@origlanguage=\count435
\c@savedoriglanguage=\count436
\c@pageref=\count437
\c@savedpageref=\count438
\shorthandwidth=\skip72
\shortjournalwidth=\skip73
\shortserieswidth=\skip74
\shorttitlewidth=\skip75
\shortauthorwidth=\skip76
\shorteditorwidth=\skip77
\locallabelnumberwidth=\skip78
\locallabelalphawidth=\skip79
\localshorthandwidth=\skip80
\localshortjournalwidth=\skip81
\localshortserieswidth=\skip82
\localshorttitlewidth=\skip83
\localshortauthorwidth=\skip84
\localshorteditorwidth=\skip85
Package biblatex Info: Trying to load enhanced support for Unicode engines...
Package biblatex Info: ... file 'blx-unicode.def' found.
(/usr/local/texlive/2023/texmf-dist/tex/latex/biblatex/blx-unicode.def)
Package biblatex Info: Trying to load compatibility code...
Package biblatex Info: ... file 'blx-compat.def' found.
(/usr/local/texlive/2023/texmf-dist/tex/latex/biblatex/blx-compat.def
File: blx-compat.def 2023/03/05 v3.19 biblatex compatibility (PK/MW)
)
Package biblatex Info: Trying to load generic definitions...
Package biblatex Info: ... file 'biblatex.def' found.
(/usr/local/texlive/2023/texmf-dist/tex/latex/biblatex/biblatex.def
File: biblatex.def 2023/03/05 v3.19 biblatex compatibility (PK/MW)
\c@textcitecount=\count439
\c@textcitetotal=\count440
\c@textcitemaxnames=\count441
\c@biburlbigbreakpenalty=\count442
\c@biburlbreakpenalty=\count443
\c@biburlnumpenalty=\count444
\c@biburlucpenalty=\count445
\c@biburllcpenalty=\count446
\biburlbigskip=\muskip19
\biburlnumskip=\muskip20
\biburlucskip=\muskip21
\biburllcskip=\muskip22
\c@smartand=\count447
)
Package biblatex Info: Trying to load bibliography style 'numeric'...
Package biblatex Info: ... file 'numeric.bbx' found.
(/usr/local/texlive/2023/texmf-dist/tex/latex/biblatex/bbx/numeric.bbx
File: numeric.bbx 2023/03/05 v3.19 biblatex bibliography style (PK/MW)
Package biblatex Info: Trying to load bibliography style 'standard'...
Package biblatex Info: ... file 'standard.bbx' found.
(/usr/local/texlive/2023/texmf-dist/tex/latex/biblatex/bbx/standard.bbx
File: standard.bbx 2023/03/05 v3.19 biblatex bibliography style (PK/MW)
\c@bbx:relatedcount=\count448
\c@bbx:relatedtotal=\count449
))
Package biblatex Info: Trying to load citation style 'numeric'...
Package biblatex Info: ... file 'numeric.cbx' found.
(/usr/local/texlive/2023/texmf-dist/tex/latex/biblatex/cbx/numeric.cbx
File: numeric.cbx 2023/03/05 v3.19 biblatex citation style (PK/MW)
Package biblatex Info: Redefining '\cite'.
Package biblatex Info: Redefining '\parencite'.
Package biblatex Info: Redefining '\footcite'.
Package biblatex Info: Redefining '\footcitetext'.
Package biblatex Info: Redefining '\smartcite'.
Package biblatex Info: Redefining '\supercite'.
Package biblatex Info: Redefining '\textcite'.
Package biblatex Info: Redefining '\textcites'.
Package biblatex Info: Redefining '\cites'.
Package biblatex Info: Redefining '\parencites'.
Package biblatex Info: Redefining '\smartcites'.
)
Package biblatex Info: Trying to load configuration file...
Package biblatex Info: ... file 'biblatex.cfg' found.
(/usr/local/texlive/2023/texmf-dist/tex/latex/biblatex/biblatex.cfg
File: biblatex.cfg 
)
Package biblatex Info: LuaTeX detected.
(biblatex)             Assuming input encoding 'utf8'.
Package biblatex Info: Document encoding is UTF8 ....
Package biblatex Info: ... and expl3
(biblatex)             2024-01-22 L3 programming layer (loader) 
(biblatex)             is new enough (at least 2020/04/06),
(biblatex)             setting 'casechanger=expl3'.
(/usr/local/texlive/2023/texmf-dist/tex/latex/biblatex/blx-case-expl3.sty
Package: blx-case-expl3 2023/03/05 v3.19 expl3 case changing code for biblatex
)) (/usr/local/texlive/2023/texmf-dist/tex/latex/xurl/xurl.sty
Package: xurl 2022/01/09 v 0.10 modify URL breaks
xurl: Set penalties for biblatex
)
Package hyperref Info: Option `colorlinks' set `true' on input line 142.
\@quotelevel=\count450
\@quotereset=\count451
No file index.aux.

\openout1 = index.aux
LaTeX Font Info:    Checking defaults for OML/cmm/m/it on input line 155.
LaTeX Font Info:    ... okay on input line 155.
LaTeX Font Info:    Checking defaults for OMS/cmsy/m/n on input line 155.
LaTeX Font Info:    ... okay on input line 155.
LaTeX Font Info:    Checking defaults for OT1/cmr/m/n on input line 155.
LaTeX Font Info:    ... okay on input line 155.
LaTeX Font Info:    Checking defaults for T1/cmr/m/n on input line 155.
LaTeX Font Info:    ... okay on input line 155.
LaTeX Font Info:    Checking defaults for TS1/cmr/m/n on input line 155.
LaTeX Font Info:    ... okay on input line 155.
LaTeX Font Info:    Checking defaults for TU/lmr/m/n on input line 155.
LaTeX Font Info:    ... okay on input line 155.
LaTeX Font Info:    Checking defaults for OMX/cmex/m/n on input line 155.
LaTeX Font Info:    ... okay on input line 155.
LaTeX Font Info:    Checking defaults for U/cmr/m/n on input line 155.
LaTeX Font Info:    ... okay on input line 155.
LaTeX Font Info:    Checking defaults for PD1/pdf/m/n on input line 155.
LaTeX Font Info:    ... okay on input line 155.
LaTeX Font Info:    Checking defaults for PU/pdf/m/n on input line 155.
LaTeX Font Info:    ... okay on input line 155.
LaTeX Font Info:    Overwriting math alphabet `\mathrm' in version `normal'
(Font)                  OT1/lmr/m/n --> TU/lmr/m/n on input line 155.
LaTeX Font Info:    Overwriting math alphabet `\mathit' in version `normal'
(Font)                  OT1/lmr/m/it --> TU/lmr/m/it on input line 155.
LaTeX Font Info:    Overwriting math alphabet `\mathbf' in version `normal'
(Font)                  OT1/lmr/bx/n --> TU/lmr/bx/n on input line 155.
LaTeX Font Info:    Overwriting math alphabet `\mathsf' in version `normal'
(Font)                  OT1/lmss/m/n --> TU/lmss/m/n on input line 155.
LaTeX Font Info:    Overwriting math alphabet `\mathsf' in version `bold'
(Font)                  OT1/lmss/bx/n --> TU/lmss/bx/n on input line 155.
LaTeX Font Info:    Overwriting math alphabet `\mathtt' in version `normal'
(Font)                  OT1/lmtt/m/n --> TU/lmtt/m/n on input line 155.
LaTeX Font Info:    Overwriting math alphabet `\mathtt' in version `bold'
(Font)                  OT1/lmtt/m/n --> TU/lmtt/bx/n on input line 155.

Package fontspec Info: latinmodern-math scale = 0.9999964596882403.


Package fontspec Info: latinmodern-math scale = 0.9999964596882403.


Package fontspec Info: latinmodern-math scale = 0.9999964596882403.


Package fontspec Info: Font family 'latinmodern-math.otf(0)' created for font
(fontspec)             'latinmodern-math.otf' with options
(fontspec)             [Scale=MatchLowercase,Renderer=Basic,BoldItalicFont={},I
talicFont={},SmallCapsFont={},Script=Math,RawFeature={mathfontdimen=xetex},Bold
Font={latinmodern-math.otf}].
(fontspec)              
(fontspec)              This font family consists of the following NFSS
(fontspec)             series/shapes:
(fontspec)              
(fontspec)             - 'normal' (m/n) with NFSS spec.:
(fontspec)             <->s*[0.9999964596882403]"[latinmodern-math.otf]:mode=ba
se;script=math;language=dflt;mathfontdimen=xetex;"
(fontspec)             - 'small caps'  (m/sc) with NFSS spec.: 
(fontspec)             - 'bold' (b/n) with NFSS spec.:
(fontspec)             <->s*[0.9999964596882403]"[latinmodern-math.otf]:mode=ba
se;script=math;language=dflt;mathfontdimen=xetex;"
(fontspec)             - 'bold small caps'  (b/sc) with NFSS spec.: 

LaTeX Font Info:    Font shape `TU/latinmodern-math.otf(0)/m/n' will be
(Font)              scaled to size 10.0pt on input line 155.

Package fontspec Info: latinmodern-math scale = 0.9999964596882403.


Package fontspec Info: latinmodern-math scale = 0.9999964596882403.


Package fontspec Info: latinmodern-math scale = 0.9999964596882403.


Package fontspec Info: latinmodern-math scale = 0.9999964596882403.


Package fontspec Info: latinmodern-math scale = 0.9999964596882403.


Package fontspec Info: Font family 'latinmodern-math.otf(1)' created for font
(fontspec)             'latinmodern-math.otf' with options
(fontspec)             [Scale=MatchLowercase,Renderer=Basic,BoldItalicFont={},I
talicFont={},SmallCapsFont={},Script=Math,SizeFeatures={{Size=8.5-},{Size=6-8.5
,Font=latinmodern-math.otf,Style=MathScript},{Size=-6,Font=latinmodern-math.otf
,Style=MathScriptScript}},RawFeature={mathfontdimen=xetex},BoldFont={latinmoder
n-math.otf}].
(fontspec)              
(fontspec)              This font family consists of the following NFSS
(fontspec)             series/shapes:
(fontspec)              
(fontspec)             - 'normal' (m/n) with NFSS spec.:
(fontspec)             <8.5->s*[0.9999964596882403]"[latinmodern-math.otf]:mode
=base;script=math;language=dflt;mathfontdimen=xetex;"<6-8.5>s*[0.99999645968824
03]"[latinmodern-math.otf]:mode=base;script=math;language=dflt;mathfontdimen=xe
tex;+ssty=0;"<-6>s*[0.9999964596882403]"[latinmodern-math.otf]:mode=base;script
=math;language=dflt;mathfontdimen=xetex;+ssty=1;"
(fontspec)             - 'small caps'  (m/sc) with NFSS spec.: 
(fontspec)             - 'bold' (b/n) with NFSS spec.:
(fontspec)             <->s*[0.9999964596882403]"[latinmodern-math.otf]:mode=ba
se;script=math;language=dflt;mathfontdimen=xetex;"
(fontspec)             - 'bold small caps'  (b/sc) with NFSS spec.: 

LaTeX Font Info:    Font shape `TU/latinmodern-math.otf(1)/m/n' will be
(Font)              scaled to size 10.0pt on input line 155.
LaTeX Font Info:    Encoding `OT1' has changed to `TU' for symbol font
(Font)              `operators' in the math version `normal' on input line 155.

LaTeX Font Info:    Overwriting symbol font `operators' in version `normal'
(Font)                  OT1/lmr/m/n --> TU/latinmodern-math.otf(1)/m/n on input
 line 155.
LaTeX Font Info:    Encoding `OT1' has changed to `TU' for symbol font
(Font)              `operators' in the math version `bold' on input line 155.
LaTeX Font Info:    Overwriting symbol font `operators' in version `bold'
(Font)                  OT1/lmr/bx/n --> TU/latinmodern-math.otf(1)/b/n on inpu
t line 155.

Package fontspec Info: latinmodern-math scale = 0.9999964596882403.


Package fontspec Info: latinmodern-math scale = 0.9999964596882403.


Package fontspec Info: latinmodern-math scale = 0.9999964596882403.


Package fontspec Info: latinmodern-math scale = 0.9999964596882403.


Package fontspec Info: latinmodern-math scale = 0.9999964596882403.


Package fontspec Info: Font family 'latinmodern-math.otf(2)' created for font
(fontspec)             'latinmodern-math.otf' with options
(fontspec)             [Scale=MatchLowercase,Renderer=Basic,BoldItalicFont={},I
talicFont={},SmallCapsFont={},Script=Math,SizeFeatures={{Size=8.5-},{Size=6-8.5
,Font=latinmodern-math.otf,Style=MathScript},{Size=-6,Font=latinmodern-math.otf
,Style=MathScriptScript}},RawFeature={mathfontdimen=xetex},BoldFont={latinmoder
n-math.otf},RawFeature={mathfontdimen=tex2}].
(fontspec)              
(fontspec)              This font family consists of the following NFSS
(fontspec)             series/shapes:
(fontspec)              
(fontspec)             - 'normal' (m/n) with NFSS spec.:
(fontspec)             <8.5->s*[0.9999964596882403]"[latinmodern-math.otf]:mode
=base;script=math;language=dflt;mathfontdimen=xetex;mathfontdimen=tex2;"<6-8.5>
s*[0.9999964596882403]"[latinmodern-math.otf]:mode=base;script=math;language=df
lt;mathfontdimen=xetex;mathfontdimen=tex2;+ssty=0;"<-6>s*[0.9999964596882403]"[
latinmodern-math.otf]:mode=base;script=math;language=dflt;mathfontdimen=xetex;m
athfontdimen=tex2;+ssty=1;"
(fontspec)             - 'small caps'  (m/sc) with NFSS spec.: 
(fontspec)             - 'bold' (b/n) with NFSS spec.:
(fontspec)             <->s*[0.9999964596882403]"[latinmodern-math.otf]:mode=ba
se;script=math;language=dflt;mathfontdimen=xetex;mathfontdimen=tex2;"
(fontspec)             - 'bold small caps'  (b/sc) with NFSS spec.: 

LaTeX Font Info:    Encoding `OMS' has changed to `TU' for symbol font
(Font)              `symbols' in the math version `normal' on input line 155.
LaTeX Font Info:    Overwriting symbol font `symbols' in version `normal'
(Font)                  OMS/lmsy/m/n --> TU/latinmodern-math.otf(2)/m/n on inpu
t line 155.
LaTeX Font Info:    Encoding `OMS' has changed to `TU' for symbol font
(Font)              `symbols' in the math version `bold' on input line 155.
LaTeX Font Info:    Overwriting symbol font `symbols' in version `bold'
(Font)                  OMS/lmsy/b/n --> TU/latinmodern-math.otf(2)/b/n on inpu
t line 155.

Package fontspec Info: latinmodern-math scale = 0.9999964596882403.


Package fontspec Info: latinmodern-math scale = 0.9999964596882403.


Package fontspec Info: latinmodern-math scale = 0.9999964596882403.


Package fontspec Info: latinmodern-math scale = 0.9999964596882403.


Package fontspec Info: latinmodern-math scale = 0.9999964596882403.


Package fontspec Info: Font family 'latinmodern-math.otf(3)' created for font
(fontspec)             'latinmodern-math.otf' with options
(fontspec)             [Scale=MatchLowercase,Renderer=Basic,BoldItalicFont={},I
talicFont={},SmallCapsFont={},Script=Math,SizeFeatures={{Size=8.5-},{Size=6-8.5
,Font=latinmodern-math.otf,Style=MathScript},{Size=-6,Font=latinmodern-math.otf
,Style=MathScriptScript}},RawFeature={mathfontdimen=xetex},BoldFont={latinmoder
n-math.otf},RawFeature={mathfontdimen=tex3}].
(fontspec)              
(fontspec)              This font family consists of the following NFSS
(fontspec)             series/shapes:
(fontspec)              
(fontspec)             - 'normal' (m/n) with NFSS spec.:
(fontspec)             <8.5->s*[0.9999964596882403]"[latinmodern-math.otf]:mode
=base;script=math;language=dflt;mathfontdimen=xetex;mathfontdimen=tex3;"<6-8.5>
s*[0.9999964596882403]"[latinmodern-math.otf]:mode=base;script=math;language=df
lt;mathfontdimen=xetex;mathfontdimen=tex3;+ssty=0;"<-6>s*[0.9999964596882403]"[
latinmodern-math.otf]:mode=base;script=math;language=dflt;mathfontdimen=xetex;m
athfontdimen=tex3;+ssty=1;"
(fontspec)             - 'small caps'  (m/sc) with NFSS spec.: 
(fontspec)             - 'bold' (b/n) with NFSS spec.:
(fontspec)             <->s*[0.9999964596882403]"[latinmodern-math.otf]:mode=ba
se;script=math;language=dflt;mathfontdimen=xetex;mathfontdimen=tex3;"
(fontspec)             - 'bold small caps'  (b/sc) with NFSS spec.: 

LaTeX Font Info:    Encoding `OMX' has changed to `TU' for symbol font
(Font)              `largesymbols' in the math version `normal' on input line 1
55.
LaTeX Font Info:    Overwriting symbol font `largesymbols' in version `normal'
(Font)                  OMX/lmex/m/n --> TU/latinmodern-math.otf(3)/m/n on inpu
t line 155.
LaTeX Font Info:    Encoding `OMX' has changed to `TU' for symbol font
(Font)              `largesymbols' in the math version `bold' on input line 155
.
LaTeX Font Info:    Overwriting symbol font `largesymbols' in version `bold'
(Font)                  OMX/lmex/m/n --> TU/latinmodern-math.otf(3)/b/n on inpu
t line 155.
LaTeX Font Info:    Font shape `TU/latinmodern-math.otf(1)/m/n' will be
(Font)              scaled to size 7.0pt on input line 155.
LaTeX Font Info:    Font shape `TU/latinmodern-math.otf(1)/m/n' will be
(Font)              scaled to size 5.0pt on input line 155.
LaTeX Font Info:    Trying to load font information for OML+lmm on input line 1
55.
(/usr/local/texlive/2023/texmf-dist/tex/latex/lm/omllmm.fd
File: omllmm.fd 2015/05/01 v1.6.1 Font defs for Latin Modern
)
LaTeX Font Info:    Font shape `TU/latinmodern-math.otf(2)/m/n' will be
(Font)              scaled to size 10.0pt on input line 155.
LaTeX Font Info:    Font shape `TU/latinmodern-math.otf(2)/m/n' will be
(Font)              scaled to size 7.0pt on input line 155.
LaTeX Font Info:    Font shape `TU/latinmodern-math.otf(2)/m/n' will be
(Font)              scaled to size 5.0pt on input line 155.
LaTeX Font Info:    Font shape `TU/latinmodern-math.otf(3)/m/n' will be
(Font)              scaled to size 10.0pt on input line 155.
LaTeX Font Info:    Font shape `TU/latinmodern-math.otf(3)/m/n' will be
(Font)              scaled to size 7.0pt on input line 155.
LaTeX Font Info:    Font shape `TU/latinmodern-math.otf(3)/m/n' will be
(Font)              scaled to size 5.0pt on input line 155.
LaTeX Font Info:    Trying to load font information for U+msa on input line 155
.
(/usr/local/texlive/2023/texmf-dist/tex/latex/amsfonts/umsa.fd
File: umsa.fd 2013/01/14 v3.01 AMS symbols A
)
LaTeX Font Info:    Trying to load font information for U+msb on input line 155
.
(/usr/local/texlive/2023/texmf-dist/tex/latex/amsfonts/umsb.fd
File: umsb.fd 2013/01/14 v3.01 AMS symbols B
)
LaTeX Info: Redefining \microtypecontext on input line 155.
Package microtype Info: Applying patch `item' on input line 155.
Package microtype Info: Applying patch `toc' on input line 155.
Package microtype Info: Applying patch `eqnum' on input line 155.
Package microtype Info: Applying patch `footnote' on input line 155.
Package microtype Info: Applying patch `verbatim' on input line 155.
Package microtype Info: Generating PDF output.
Package microtype Info: Character protrusion enabled (level 2).
Package microtype Info: Using protrusion set `basicmath'.
Package microtype Info: Automatic font expansion enabled (level 2),
(microtype)             stretch: 20, shrink: 20, step: 1, non-selected.
Package microtype Info: Using default expansion set `alltext-nott'.
LaTeX Info: Redefining \showhyphens on input line 155.
Package microtype Info: No adjustment of tracking.
Package microtype Info: No adjustment of spacing.
Package microtype Info: No adjustment of kerning.

(/usr/local/texlive/2023/texmf-dist/tex/latex/microtype/mt-LatinModernRoman.cfg
File: mt-LatinModernRoman.cfg 2021/02/21 v1.1 microtype config. file: Latin Mod
ern Roman (RS)
) (/usr/local/texlive/2023/texmf-dist/tex/context/base/mkii/supp-pdf.mkii
[Loading MPS to PDF converter (version 2006.09.02).]
\scratchcounter=\count452
\scratchdimen=\dimen194
\scratchbox=\box65
\nofMPsegments=\count453
\nofMParguments=\count454
\everyMPshowfont=\toks33
\MPscratchCnt=\count455
\MPscratchDim=\dimen195
\MPnumerator=\count456
\makeMPintoPDFobject=\count457
\everyMPtoPDFconversion=\toks34
) (/usr/local/texlive/2023/texmf-dist/tex/latex/epstopdf-pkg/epstopdf-base.sty
Package: epstopdf-base 2020-01-24 v2.11 Base part for package epstopdf
Package epstopdf-base Info: Redefining graphics rule for `.eps' on input line 4
85.
(/usr/local/texlive/2023/texmf-dist/tex/latex/latexconfig/epstopdf-sys.cfg
File: epstopdf-sys.cfg 2010/07/13 v1.3 Configuration of (r)epstopdf for TeX Liv
e
))
*geometry* driver: auto-detecting
*geometry* detected driver: luatex
*geometry* verbose mode - [ preamble ] result:
* driver: luatex
* paper: a4paper
* layout: <same size as paper>
* layoutoffset:(h,v)=(0.0pt,0.0pt)
* modes: twoside heightrounded 
* h-part:(L,W,R)=(56.9055pt, 468.90071pt, 71.70166pt)
* v-part:(T,H,B)=(85.35826pt, 658.28194pt, 101.40665pt)
* \paperwidth=597.50787pt
* \paperheight=845.04684pt
* \textwidth=468.90071pt
* \textheight=658.0pt
* \oddsidemargin=-15.36449pt
* \evensidemargin=-0.56833pt
* \topmargin=-16.97922pt
* \headheight=12.0pt
* \headsep=18.06749pt
* \topskip=10.0pt
* \footskip=25.29494pt
* \marginparwidth=115.0pt
* \marginparsep=7.0pt
* \columnsep=10.0pt
* \skip\footins=9.0pt plus 4.0pt minus 2.0pt
* \hoffset=0.0pt
* \voffset=0.0pt
* \mag=1000
* \@twocolumnfalse
* \@twosidetrue
* \@mparswitchtrue
* \@reversemarginfalse
* (1in=72.27pt=25.4mm, 1cm=28.453pt)

Package hyperref Info: Link coloring ON on input line 155.
Package caption Info: Begin \AtBeginDocument code.
Package caption Info: float package is loaded.
Package caption Info: End \AtBeginDocument code.
Package biblatex Info: Trying to load language 'english'...
Package biblatex Info: ... file 'english.lbx' found.
(/usr/local/texlive/2023/texmf-dist/tex/latex/biblatex/lbx/english.lbx
File: english.lbx 2023/03/05 v3.19 biblatex localization (PK/MW)
)
Package biblatex Info: LuaTeX detected.
(biblatex)             Assuming input encoding 'utf8'.
Package biblatex Info: Automatic encoding selection.
(biblatex)             Assuming data encoding 'utf8'.

\openout3 = index.bcf
Package biblatex Info: Trying to load bibliographic data...
Package biblatex Info: ... file 'index.bbl' not found.
No file index.bbl.
Package biblatex Info: Reference section=0 on input line 155.
Package biblatex Info: Reference segment=0 on input line 155.
LaTeX Font Info:    Font shape `TU/latinmodern-math.otf(1)/m/n' will be
(Font)              scaled to size 12.0pt on input line 158.
LaTeX Font Info:    Font shape `TU/latinmodern-math.otf(1)/m/n' will be
(Font)              scaled to size 8.0pt on input line 158.
LaTeX Font Info:    Font shape `TU/latinmodern-math.otf(1)/m/n' will be
(Font)              scaled to size 6.0pt on input line 158.
LaTeX Font Info:    Font shape `TU/latinmodern-math.otf(2)/m/n' will be
(Font)              scaled to size 12.0pt on input line 158.
LaTeX Font Info:    Font shape `TU/latinmodern-math.otf(2)/m/n' will be
(Font)              scaled to size 8.0pt on input line 158.
LaTeX Font Info:    Font shape `TU/latinmodern-math.otf(2)/m/n' will be
(Font)              scaled to size 6.0pt on input line 158.
LaTeX Font Info:    Font shape `TU/latinmodern-math.otf(3)/m/n' will be
(Font)              scaled to size 12.0pt on input line 158.
LaTeX Font Info:    Font shape `TU/latinmodern-math.otf(3)/m/n' will be
(Font)              scaled to size 8.0pt on input line 158.
LaTeX Font Info:    Font shape `TU/latinmodern-math.otf(3)/m/n' will be
(Font)              scaled to size 6.0pt on input line 158.
(/usr/local/texlive/2023/texmf-dist/tex/latex/microtype/mt-msa.cfg
File: mt-msa.cfg 2006/02/04 v1.1 microtype config. file: AMS symbols (a) (RS)
) (/usr/local/texlive/2023/texmf-dist/tex/latex/microtype/mt-msb.cfg
File: mt-msb.cfg 2005/06/01 v1.0 microtype config. file: AMS symbols (b) (RS)
) [1



{/usr/local/texlive/2023/texmf-var/fonts/map/pdftex/updmap/pdftex.map}] [2

]
No file index.toc.
\tf@toc=\write4

\openout4 = index.toc
[3] [4

] [1

Missing character: There is no  (U+306F) in font [lmroman10-regular]:+tlig;!
Missing character: There is no  (U+3058) in font [lmroman10-regular]:+tlig;!
Missing character: There is no  (U+3081) in font [lmroman10-regular]:+tlig;!
Missing character: There is no  (U+306B) in font [lmroman10-regular]:+tlig;!
Missing character: There is no  (U+3053) in font [lmroman10-regular]:+tlig;!
Missing character: There is no  (U+306E) in font [lmroman10-regular]:+tlig;!
Missing character: There is no  (U+8CC7) in font [lmroman10-regular]:+tlig;!
Missing character: There is no  (U+6599) in font [lmroman10-regular]:+tlig;!
Missing character: There is no  (U+306F) in font [lmroman10-regular]:+tlig;!
Missing character: There is no  (U+FF0C) in font [lmroman10-regular]:+tlig;!
Missing character: There is no  (U+6388) in font [lmroman10-regular]:+tlig;!
Missing character: There is no  (U+696D) in font [lmroman10-regular]:+tlig;!
Missing character: There is no  (U+300C) in font [lmroman10-regular]:+tlig;!
Missing character: There is no  (U+5FC3) in font [lmroman10-regular]:+tlig;!
Missing character: There is no  (U+7406) in font [lmroman10-regular]:+tlig;!
Missing character: There is no  (U+5B66) in font [lmroman10-regular]:+tlig;!
Missing character: There is no  (U+7D71) in font [lmroman10-regular]:+tlig;!
Missing character: There is no  (U+8A08) in font [lmroman10-regular]:+tlig;!
Missing character: There is no  (U+6F14) in font [lmroman10-regular]:+tlig;!
Missing character: There is no  (U+7FD2) in font [lmroman10-regular]:+tlig;!
Missing character: There is no  (U+300D) in font [lmroman10-regular]:+tlig;!
Missing character: There is no  (U+306B) in font [lmroman10-regular]:+tlig;!
Missing character: There is no  (U+3064) in font [lmroman10-regular]:+tlig;!
Missing character: There is no  (U+3044) in font [lmroman10-regular]:+tlig;!
Missing character: There is no  (U+3066) in font [lmroman10-regular]:+tlig;!
Missing character: There is no  (U+306E) in font [lmroman10-regular]:+tlig;!
Missing character: There is no  (U+3082) in font [lmroman10-regular]:+tlig;!
Missing character: There is no  (U+306E) in font [lmroman10-regular]:+tlig;!
Missing character: There is no  (U+3067) in font [lmroman10-regular]:+tlig;!
Missing character: There is no  (U+3059) in font [lmroman10-regular]:+tlig;!
Missing character: There is no  (U+3002) in font [lmroman10-regular]:+tlig;!
Missing character: There is no  (U+6F14) in font [lmroman10-regular]:+tlig;!
Missing character: There is no  (U+7FD2) in font [lmroman10-regular]:+tlig;!
Missing character: There is no  (U+3068) in font [lmroman10-regular]:+tlig;!
Missing character: There is no  (U+3044) in font [lmroman10-regular]:+tlig;!
Missing character: There is no  (U+3046) in font [lmroman10-regular]:+tlig;!
Missing character: There is no  (U+6388) in font [lmroman10-regular]:+tlig;!
Missing character: There is no  (U+696D) in font [lmroman10-regular]:+tlig;!
Missing character: There is no  (U+540D) in font [lmroman10-regular]:+tlig;!
Missing character: There is no  (U+306B) in font [lmroman10-regular]:+tlig;!
Missing character: There is no  (U+3042) in font [lmroman10-regular]:+tlig;!
Missing character: There is no  (U+308B) in font [lmroman10-regular]:+tlig;!
Missing character: There is no  (U+3088) in font [lmroman10-regular]:+tlig;!
Missing character: There is no  (U+3046) in font [lmroman10-regular]:+tlig;!
Missing character: There is no  (U+306B) in font [lmroman10-regular]:+tlig;!
Missing character: There is no  (U+FF0C) in font [lmroman10-regular]:+tlig;!
Missing character: There is no  (U+7406) in font [lmroman10-regular]:+tlig;!
Missing character: There is no  (U+8AD6) in font [lmroman10-regular]:+tlig;!
Missing character: There is no  (U+7684) in font [lmroman10-regular]:+tlig;!
Missing character: There is no  (U+306A) in font [lmroman10-regular]:+tlig;!
Missing character: There is no  (U+89E3) in font [lmroman10-regular]:+tlig;!
Missing character: There is no  (U+8AAC) in font [lmroman10-regular]:+tlig;!
Missing character: There is no  (U+3067) in font [lmroman10-regular]:+tlig;!
Missing character: There is no  (U+300C) in font [lmroman10-regular]:+tlig;!
Missing character: There is no  (U+7406) in font [lmroman10-regular]:+tlig;!
Missing character: There is no  (U+89E3) in font [lmroman10-regular]:+tlig;!
Missing character: There is no  (U+3057) in font [lmroman10-regular]:+tlig;!
Missing character: There is no  (U+3066) in font [lmroman10-regular]:+tlig;!
Missing character: There is no  (U+9032) in font [lmroman10-regular]:+tlig;!
Missing character: There is no  (U+3080) in font [lmroman10-regular]:+tlig;!
Missing character: There is no  (U+300D) in font [lmroman10-regular]:+tlig;!
Missing character: There is no  (U+3053) in font [lmroman10-regular]:+tlig;!
Missing character: There is no  (U+3068) in font [lmroman10-regular]:+tlig;!
Missing character: There is no  (U+3088) in font [lmroman10-regular]:+tlig;!
Missing character: There is no  (U+308A) in font [lmroman10-regular]:+tlig;!
Missing character: There is no  (U+3082) in font [lmroman10-regular]:+tlig;!
Missing character: There is no  (U+FF0C) in font [lmroman10-regular]:+tlig;!
Missing character: There is no  (U+300C) in font [lmroman10-regular]:+tlig;!
Missing character: There is no  (U+624B) in font [lmroman10-regular]:+tlig;!
Missing character: There is no  (U+3092) in font [lmroman10-regular]:+tlig;!
Missing character: There is no  (U+52D5) in font [lmroman10-regular]:+tlig;!
Missing character: There is no  (U+304B) in font [lmroman10-regular]:+tlig;!
Missing character: There is no  (U+3057) in font [lmroman10-regular]:+tlig;!
Missing character: There is no  (U+3066) in font [lmroman10-regular]:+tlig;!
Missing character: There is no  (U+7406) in font [lmroman10-regular]:+tlig;!
Missing character: There is no  (U+89E3) in font [lmroman10-regular]:+tlig;!
Missing character: There is no  (U+3059) in font [lmroman10-regular]:+tlig;!
Missing character: There is no  (U+308B) in font [lmroman10-regular]:+tlig;!
Missing character: There is no  (U+300D) in font [lmroman10-regular]:+tlig;!
Missing character: There is no  (U+3053) in font [lmroman10-regular]:+tlig;!
Missing character: There is no  (U+3068) in font [lmroman10-regular]:+tlig;!
Missing character: There is no  (U+3092) in font [lmroman10-regular]:+tlig;!
Missing character: There is no  (U+76EE) in font [lmroman10-regular]:+tlig;!
Missing character: There is no  (U+7684) in font [lmroman10-regular]:+tlig;!
Missing character: There is no  (U+306B) in font [lmroman10-regular]:+tlig;!
Missing character: There is no  (U+3057) in font [lmroman10-regular]:+tlig;!
Missing character: There is no  (U+3066) in font [lmroman10-regular]:+tlig;!
Missing character: There is no  (U+3044) in font [lmroman10-regular]:+tlig;!
Missing character: There is no  (U+307E) in font [lmroman10-regular]:+tlig;!
Missing character: There is no  (U+3059) in font [lmroman10-regular]:+tlig;!
Missing character: There is no  (U+3002) in font [lmroman10-regular]:+tlig;!
Missing character: There is no  (U+3053) in font [lmroman10-regular]:+tlig;!
Missing character: There is no  (U+306E) in font [lmroman10-regular]:+tlig;!
Missing character: There is no  (U+8CC7) in font [lmroman10-regular]:+tlig;!
Missing character: There is no  (U+6599) in font [lmroman10-regular]:+tlig;!
Missing character: There is no  (U+3092) in font [lmroman10-regular]:+tlig;!
Missing character: There is no  (U+6D3B) in font [lmroman10-regular]:+tlig;!
Missing character: There is no  (U+7528) in font [lmroman10-regular]:+tlig;!
Missing character: There is no  (U+3059) in font [lmroman10-regular]:+tlig;!
Missing character: There is no  (U+308B) in font [lmroman10-regular]:+tlig;!
Missing character: There is no  (U+4EBA) in font [lmroman10-regular]:+tlig;!
Missing character: There is no  (U+306F) in font [lmroman10-regular]:+tlig;!
Missing character: There is no  (U+FF0C) in font [lmroman10-regular]:+tlig;!
Missing character: There is no  (U+7406) in font [lmroman10-regular]:+tlig;!
Missing character: There is no  (U+8AD6) in font [lmroman10-regular]:+tlig;!
Missing character: There is no  (U+7684) in font [lmroman10-regular]:+tlig;!
Missing character: There is no  (U+306A) in font [lmroman10-regular]:+tlig;!
Missing character: There is no  (U+3044) in font [lmroman10-regular]:+tlig;!
Missing character: There is no  (U+308F) in font [lmroman10-regular]:+tlig;!
Missing character: There is no  (U+3086) in font [lmroman10-regular]:+tlig;!
Missing character: There is no  (U+308B) in font [lmroman10-regular]:+tlig;!
Missing character: There is no  (U+5EA7) in font [lmroman10-regular]:+tlig;!
Missing character: There is no  (U+5B66) in font [lmroman10-regular]:+tlig;!
Missing character: There is no  (U+306E) in font [lmroman10-regular]:+tlig;!
Missing character: There is no  (U+5FC3) in font [lmroman10-regular]:+tlig;!
Missing character: There is no  (U+7406) in font [lmroman10-regular]:+tlig;!
Missing character: There is no  (U+5B66) in font [lmroman10-regular]:+tlig;!
Missing character: There is no  (U+7D71) in font [lmroman10-regular]:+tlig;!
Missing character: There is no  (U+8A08) in font [lmroman10-regular]:+tlig;!
Missing character: There is no  (U+3092) in font [lmroman10-regular]:+tlig;!
Missing character: There is no  (U+5C65) in font [lmroman10-regular]:+tlig;!
Missing character: There is no  (U+4FEE) in font [lmroman10-regular]:+tlig;!
Missing character: There is no  (U+6E08) in font [lmroman10-regular]:+tlig;!
Missing character: There is no  (U+307F) in font [lmroman10-regular]:+tlig;!
Missing character: There is no  (U+3067) in font [lmroman10-regular]:+tlig;!
Missing character: There is no  (U+3042) in font [lmroman10-regular]:+tlig;!
Missing character: There is no  (U+308B) in font [lmroman10-regular]:+tlig;!
Missing character: There is no  (U+3053) in font [lmroman10-regular]:+tlig;!
Missing character: There is no  (U+3068) in font [lmroman10-regular]:+tlig;!
Missing character: There is no  (U+3092) in font [lmroman10-regular]:+tlig;!
Missing character: There is no  (U+524D) in font [lmroman10-regular]:+tlig;!
Missing character: There is no  (U+63D0) in font [lmroman10-regular]:+tlig;!
Missing character: There is no  (U+306B) in font [lmroman10-regular]:+tlig;!
Missing character: There is no  (U+3057) in font [lmroman10-regular]:+tlig;!
Missing character: There is no  (U+3066) in font [lmroman10-regular]:+tlig;!
Missing character: There is no  (U+3044) in font [lmroman10-regular]:+tlig;!
Missing character: There is no  (U+307E) in font [lmroman10-regular]:+tlig;!
Missing character: There is no  (U+3059) in font [lmroman10-regular]:+tlig;!
Missing character: There is no  (U+3002) in font [lmroman10-regular]:+tlig;!
Missing character: There is no  (U+307E) in font [lmroman10-regular]:+tlig;!
Missing character: There is no  (U+305F) in font [lmroman10-regular]:+tlig;!
Missing character: There is no  (U+FF0C) in font [lmroman10-regular]:+tlig;!
Missing character: There is no  (U+8CC7) in font [lmroman10-regular]:+tlig;!
Missing character: There is no  (U+6599) in font [lmroman10-regular]:+tlig;!
Missing character: There is no  (U+96C6) in font [lmroman10-regular]:+tlig;!
Missing character: There is no  (U+3068) in font [lmroman10-regular]:+tlig;!
Missing character: There is no  (U+3044) in font [lmroman10-regular]:+tlig;!
Missing character: There is no  (U+3046) in font [lmroman10-regular]:+tlig;!
Missing character: There is no  (U+4F4D) in font [lmroman10-regular]:+tlig;!
Missing character: There is no  (U+7F6E) in font [lmroman10-regular]:+tlig;!
Missing character: There is no  (U+4ED8) in font [lmroman10-regular]:+tlig;!
Missing character: There is no  (U+3051) in font [lmroman10-regular]:+tlig;!
Missing character: There is no  (U+3067) in font [lmroman10-regular]:+tlig;!
Missing character: There is no  (U+3059) in font [lmroman10-regular]:+tlig;!
Missing character: There is no  (U+306E) in font [lmroman10-regular]:+tlig;!
Missing character: There is no  (U+3067) in font [lmroman10-regular]:+tlig;!
Missing character: There is no  (U+FF0C) in font [lmroman10-regular]:+tlig;!
Missing character: There is no  (U+884C) in font [lmroman10-regular]:+tlig;!
Missing character: There is no  (U+9593) in font [lmroman10-regular]:+tlig;!
Missing character: There is no  (U+306E) in font [lmroman10-regular]:+tlig;!
Missing character: There is no  (U+8AAC) in font [lmroman10-regular]:+tlig;!
Missing character: There is no  (U+660E) in font [lmroman10-regular]:+tlig;!
Missing character: There is no  (U+304C) in font [lmroman10-regular]:+tlig;!
Missing character: There is no  (U+7701) in font [lmroman10-regular]:+tlig;!
Missing character: There is no  (U+7565) in font [lmroman10-regular]:+tlig;!
Missing character: There is no  (U+3055) in font [lmroman10-regular]:+tlig;!
Missing character: There is no  (U+308C) in font [lmroman10-regular]:+tlig;!
Missing character: There is no  (U+3066) in font [lmroman10-regular]:+tlig;!
Missing character: There is no  (U+3044) in font [lmroman10-regular]:+tlig;!
Missing character: There is no  (U+308B) in font [lmroman10-regular]:+tlig;!
Missing character: There is no  (U+3053) in font [lmroman10-regular]:+tlig;!
Missing character: There is no  (U+3068) in font [lmroman10-regular]:+tlig;!
Missing character: There is no  (U+304C) in font [lmroman10-regular]:+tlig;!
Missing character: There is no  (U+591A) in font [lmroman10-regular]:+tlig;!
Missing character: There is no  (U+304F) in font [lmroman10-regular]:+tlig;!
Missing character: There is no  (U+3042) in font [lmroman10-regular]:+tlig;!
Missing character: There is no  (U+308A) in font [lmroman10-regular]:+tlig;!
Missing character: There is no  (U+307E) in font [lmroman10-regular]:+tlig;!
Missing character: There is no  (U+3059) in font [lmroman10-regular]:+tlig;!
Missing character: There is no  (U+3002) in font [lmroman10-regular]:+tlig;!
Missing character: There is no  (U+305D) in font [lmroman10-regular]:+tlig;!
Missing character: There is no  (U+306E) in font [lmroman10-regular]:+tlig;!
Missing character: There is no  (U+70B9) in font [lmroman10-regular]:+tlig;!
Missing character: There is no  (U+306F) in font [lmroman10-regular]:+tlig;!
Missing character: There is no  (U+8B1B) in font [lmroman10-regular]:+tlig;!
Missing character: There is no  (U+7FA9) in font [lmroman10-regular]:+tlig;!
Missing character: There is no  (U+6642) in font [lmroman10-regular]:+tlig;!
Missing character: There is no  (U+9593) in font [lmroman10-regular]:+tlig;!
Missing character: There is no  (U+4E2D) in font [lmroman10-regular]:+tlig;!
Missing character: There is no  (U+306E) in font [lmroman10-regular]:+tlig;!
Missing character: There is no  (U+8B1B) in font [lmroman10-regular]:+tlig;!
Missing character: There is no  (U+8A71) in font [lmroman10-regular]:+tlig;!
Missing character: There is no  (U+3067) in font [lmroman10-regular]:+tlig;!
Missing character: There is no  (U+88DC) in font [lmroman10-regular]:+tlig;!
Missing character: There is no  (U+5B8C) in font [lmroman10-regular]:+tlig;!
Missing character: There is no  (U+3057) in font [lmroman10-regular]:+tlig;!
Missing character: There is no  (U+3066) in font [lmroman10-regular]:+tlig;!
Missing character: There is no  (U+3044) in font [lmroman10-regular]:+tlig;!
Missing character: There is no  (U+304F) in font [lmroman10-regular]:+tlig;!
Missing character: There is no  (U+3064) in font [lmroman10-regular]:+tlig;!
Missing character: There is no  (U+3082) in font [lmroman10-regular]:+tlig;!
Missing character: There is no  (U+308A) in font [lmroman10-regular]:+tlig;!
Missing character: There is no  (U+3067) in font [lmroman10-regular]:+tlig;!
Missing character: There is no  (U+3059) in font [lmroman10-regular]:+tlig;!
Missing character: There is no  (U+306E) in font [lmroman10-regular]:+tlig;!
Missing character: There is no  (U+3067) in font [lmroman10-regular]:+tlig;!
Missing character: There is no  (U+FF0C) in font [lmroman10-regular]:+tlig;!
Missing character: There is no  (U+4E0D) in font [lmroman10-regular]:+tlig;!
Missing character: There is no  (U+660E) in font [lmroman10-regular]:+tlig;!
Missing character: There is no  (U+306A) in font [lmroman10-regular]:+tlig;!
Missing character: There is no  (U+70B9) in font [lmroman10-regular]:+tlig;!
Missing character: There is no  (U+304C) in font [lmroman10-regular]:+tlig;!
Missing character: There is no  (U+3042) in font [lmroman10-regular]:+tlig;!
Missing character: There is no  (U+308C) in font [lmroman10-regular]:+tlig;!
Missing character: There is no  (U+3070) in font [lmroman10-regular]:+tlig;!
Missing character: There is no  (U+6388) in font [lmroman10-regular]:+tlig;!
Missing character: There is no  (U+696D) in font [lmroman10-regular]:+tlig;!
Missing character: There is no  (U+6642) in font [lmroman10-regular]:+tlig;!
Missing character: There is no  (U+9593) in font [lmroman10-regular]:+tlig;!
Missing character: There is no  (U+4E2D) in font [lmroman10-regular]:+tlig;!
Missing character: There is no  (U+306B) in font [lmroman10-regular]:+tlig;!
Missing character: There is no  (U+8CEA) in font [lmroman10-regular]:+tlig;!
Missing character: There is no  (U+554F) in font [lmroman10-regular]:+tlig;!
Missing character: There is no  (U+3057) in font [lmroman10-regular]:+tlig;!
Missing character: There is no  (U+3066) in font [lmroman10-regular]:+tlig;!
Missing character: There is no  (U+304F) in font [lmroman10-regular]:+tlig;!
Missing character: There is no  (U+3060) in font [lmroman10-regular]:+tlig;!
Missing character: There is no  (U+3055) in font [lmroman10-regular]:+tlig;!
Missing character: There is no  (U+3044) in font [lmroman10-regular]:+tlig;!
Missing character: There is no  (U+3002) in font [lmroman10-regular]:+tlig;!
Missing character: There is no  (U+30E9) in font [lmroman10-regular]:+tlig;!
Missing character: There is no  (U+30A4) in font [lmroman10-regular]:+tlig;!
Missing character: There is no  (U+30BB) in font [lmroman10-regular]:+tlig;!
Missing character: There is no  (U+30F3) in font [lmroman10-regular]:+tlig;!
Missing character: There is no  (U+30B9) in font [lmroman10-regular]:+tlig;!
Missing character: There is no  (U+7B49) in font [lmroman10-regular]:+tlig;!
Missing character: There is no  (U+3053) in font [lmroman10-regular]:+tlig;!
Missing character: There is no  (U+306E) in font [lmroman10-regular]:+tlig;!
Missing character: There is no  (U+8CC7) in font [lmroman10-regular]:+tlig;!
Missing character: There is no  (U+6599) in font [lmroman10-regular]:+tlig;!
Missing character: There is no  (U+306F) in font [lmroman10-regular]:+tlig;!
Missing character: There is no  (U+30E9) in font [lmroman10-regular]:+tlig;!
Missing character: There is no  (U+30A4) in font [lmroman10-regular]:+tlig;!
Missing character: There is no  (U+30BB) in font [lmroman10-regular]:+tlig;!
Missing character: There is no  (U+30F3) in font [lmroman10-regular]:+tlig;!
Missing character: There is no  (U+30B9) in font [lmroman10-regular]:+tlig;!
Missing character: There is no  (U+306B) in font [lmroman10-regular]:+tlig;!
Missing character: There is no  (U+57FA) in font [lmroman10-regular]:+tlig;!
Missing character: There is no  (U+3065) in font [lmroman10-regular]:+tlig;!
Missing character: There is no  (U+3044) in font [lmroman10-regular]:+tlig;!
Missing character: There is no  (U+3066) in font [lmroman10-regular]:+tlig;!
Missing character: There is no  (U+63D0) in font [lmroman10-regular]:+tlig;!
Missing character: There is no  (U+4F9B) in font [lmroman10-regular]:+tlig;!
Missing character: There is no  (U+3055) in font [lmroman10-regular]:+tlig;!
Missing character: There is no  (U+308C) in font [lmroman10-regular]:+tlig;!
Missing character: There is no  (U+3066) in font [lmroman10-regular]:+tlig;!
Missing character: There is no  (U+3044) in font [lmroman10-regular]:+tlig;!
Missing character: There is no  (U+307E) in font [lmroman10-regular]:+tlig;!
Missing character: There is no  (U+3059) in font [lmroman10-regular]:+tlig;!
Missing character: There is no  (U+3002) in font [lmroman10-regular]:+tlig;!
Missing character: There is no  (U+8457) in font [lmroman10-regular]:+tlig;!
Missing character: There is no  (U+8005) in font [lmroman10-regular]:+tlig;!
Missing character: There is no  (U+306B) in font [lmroman10-regular]:+tlig;!
Missing character: There is no  (U+9069) in font [lmroman10-regular]:+tlig;!
Missing character: There is no  (U+5207) in font [lmroman10-regular]:+tlig;!
Missing character: There is no  (U+306A) in font [lmroman10-regular]:+tlig;!
Missing character: There is no  (U+30AF) in font [lmroman10-regular]:+tlig;!
Missing character: There is no  (U+30EC) in font [lmroman10-regular]:+tlig;!
Missing character: There is no  (U+30B8) in font [lmroman10-regular]:+tlig;!
Missing character: There is no  (U+30C3) in font [lmroman10-regular]:+tlig;!
Missing character: There is no  (U+30C8) in font [lmroman10-regular]:+tlig;!
Missing character: There is no  (U+3092) in font [lmroman10-regular]:+tlig;!
Missing character: There is no  (U+4E0E) in font [lmroman10-regular]:+tlig;!
Missing character: There is no  (U+3048) in font [lmroman10-regular]:+tlig;!
Missing character: There is no  (U+308B) in font [lmroman10-regular]:+tlig;!
Missing character: There is no  (U+9650) in font [lmroman10-regular]:+tlig;!
Missing character: There is no  (U+308A) in font [lmroman10-regular]:+tlig;!
Missing character: There is no  (U+FF0C) in font [lmroman10-regular]:+tlig;!
Missing character: There is no  (U+3053) in font [lmroman10-regular]:+tlig;!
Missing character: There is no  (U+306E) in font [lmroman10-regular]:+tlig;!
Missing character: There is no  (U+672C) in font [lmroman10-regular]:+tlig;!
Missing character: There is no  (U+3092) in font [lmroman10-regular]:+tlig;!
Missing character: There is no  (U+518D) in font [lmroman10-regular]:+tlig;!
Missing character: There is no  (U+5229) in font [lmroman10-regular]:+tlig;!
Missing character: There is no  (U+7528) in font [lmroman10-regular]:+tlig;!
Missing character: There is no  (U+FF0C) in font [lmroman10-regular]:+tlig;!
Missing character: There is no  (U+518D) in font [lmroman10-regular]:+tlig;!
Missing character: There is no  (U+7DE8) in font [lmroman10-regular]:+tlig;!
Missing character: There is no  (U+96C6) in font [lmroman10-regular]:+tlig;!
Missing character: There is no  (U+FF0C) in font [lmroman10-regular]:+tlig;!
Missing character: There is no  (U+4FDD) in font [lmroman10-regular]:+tlig;!
Missing character: There is no  (U+6301) in font [lmroman10-regular]:+tlig;!
Missing character: There is no  (U+FF0C) in font [lmroman10-regular]:+tlig;!
Missing character: There is no  (U+6539) in font [lmroman10-regular]:+tlig;!
Missing character: There is no  (U+8A02) in font [lmroman10-regular]:+tlig;!
Missing character: There is no  (U+FF0C) in font [lmroman10-regular]:+tlig;!
Missing character: There is no  (U+518D) in font [lmroman10-regular]:+tlig;!
Missing character: There is no  (U+9812) in font [lmroman10-regular]:+tlig;!
Missing character: There is no  (U+5E03) in font [lmroman10-regular]:+tlig;!
Missing character: There is no  (U+5546) in font [lmroman10-regular]:+tlig;!
Missing character: There is no  (U+7528) in font [lmroman10-regular]:+tlig;!
Missing character: There is no  (U+5229) in font [lmroman10-regular]:+tlig;!
Missing character: There is no  (U+7528) in font [lmroman10-regular]:+tlig;!
Missing character: There is no  (U+3092) in font [lmroman10-regular]:+tlig;!
Missing character: There is no  (U+542B) in font [lmroman10-regular]:+tlig;!
Missing character: There is no  (U+3080) in font [lmroman10-regular]:+tlig;!
Missing character: There is no  (U+3092) in font [lmroman10-regular]:+tlig;!
Missing character: There is no  (U+3059) in font [lmroman10-regular]:+tlig;!
Missing character: There is no  (U+308B) in font [lmroman10-regular]:+tlig;!
Missing character: There is no  (U+3053) in font [lmroman10-regular]:+tlig;!
Missing character: There is no  (U+3068) in font [lmroman10-regular]:+tlig;!
Missing character: There is no  (U+304C) in font [lmroman10-regular]:+tlig;!
Missing character: There is no  (U+3067) in font [lmroman10-regular]:+tlig;!
Missing character: There is no  (U+304D) in font [lmroman10-regular]:+tlig;!
Missing character: There is no  (U+307E) in font [lmroman10-regular]:+tlig;!
Missing character: There is no  (U+3059) in font [lmroman10-regular]:+tlig;!
Missing character: There is no  (U+3002) in font [lmroman10-regular]:+tlig;!
Missing character: There is no  (U+3082) in font [lmroman10-regular]:+tlig;!
Missing character: There is no  (U+3057) in font [lmroman10-regular]:+tlig;!
Missing character: There is no  (U+518D) in font [lmroman10-regular]:+tlig;!
Missing character: There is no  (U+7DE8) in font [lmroman10-regular]:+tlig;!
Missing character: There is no  (U+96C6) in font [lmroman10-regular]:+tlig;!
Missing character: There is no  (U+3057) in font [lmroman10-regular]:+tlig;!
Missing character: There is no  (U+305F) in font [lmroman10-regular]:+tlig;!
Missing character: There is no  (U+308A) in font [lmroman10-regular]:+tlig;!
Missing character: There is no  (U+FF0C) in font [lmroman10-regular]:+tlig;!
Missing character: There is no  (U+3053) in font [lmroman10-regular]:+tlig;!
Missing character: There is no  (U+306E) in font [lmroman10-regular]:+tlig;!
Missing character: There is no  (U+30AA) in font [lmroman10-regular]:+tlig;!
Missing character: There is no  (U+30FC) in font [lmroman10-regular]:+tlig;!
Missing character: There is no  (U+30D7) in font [lmroman10-regular]:+tlig;!
Missing character: There is no  (U+30F3) in font [lmroman10-regular]:+tlig;!
Missing character: There is no  (U+306A) in font [lmroman10-regular]:+tlig;!
Missing character: There is no  (U+30C6) in font [lmroman10-regular]:+tlig;!
Missing character: There is no  (U+30AD) in font [lmroman10-regular]:+tlig;!
Missing character: There is no  (U+30B9) in font [lmroman10-regular]:+tlig;!
Missing character: There is no  (U+30C8) in font [lmroman10-regular]:+tlig;!
Missing character: There is no  (U+3092) in font [lmroman10-regular]:+tlig;!
Missing character: There is no  (U+5909) in font [lmroman10-regular]:+tlig;!
Missing character: There is no  (U+66F4) in font [lmroman10-regular]:+tlig;!
Missing character: There is no  (U+3057) in font [lmroman10-regular]:+tlig;!
Missing character: There is no  (U+305F) in font [lmroman10-regular]:+tlig;!
Missing character: There is no  (U+3044) in font [lmroman10-regular]:+tlig;!
Missing character: There is no  (U+5834) in font [lmroman10-regular]:+tlig;!
Missing character: There is no  (U+5408) in font [lmroman10-regular]:+tlig;!
Missing character: There is no  (U+FF0C) in font [lmroman10-regular]:+tlig;!
Missing character: There is no  (U+3059) in font [lmroman10-regular]:+tlig;!
Missing character: There is no  (U+3079) in font [lmroman10-regular]:+tlig;!
Missing character: There is no  (U+3066) in font [lmroman10-regular]:+tlig;!
Missing character: There is no  (U+306E) in font [lmroman10-regular]:+tlig;!
Missing character: There is no  (U+30D0) in font [lmroman10-regular]:+tlig;!
Missing character: There is no  (U+30FC) in font [lmroman10-regular]:+tlig;!
Missing character: There is no  (U+30B8) in font [lmroman10-regular]:+tlig;!
Missing character: There is no  (U+30E7) in font [lmroman10-regular]:+tlig;!
Missing character: There is no  (U+30F3) in font [lmroman10-regular]:+tlig;!
Missing character: There is no  (U+306B) in font [lmroman10-regular]:+tlig;!
Missing character: There is no  (U+308F) in font [lmroman10-regular]:+tlig;!
Missing character: There is no  (U+305F) in font [lmroman10-regular]:+tlig;!
Missing character: There is no  (U+3063) in font [lmroman10-regular]:+tlig;!
Missing character: There is no  (U+3066) in font [lmroman10-regular]:+tlig;!
Missing character: There is no  (U+3053) in font [lmroman10-regular]:+tlig;!
Missing character: There is no  (U+308C) in font [lmroman10-regular]:+tlig;!
Missing character: There is no  (U+3068) in font [lmroman10-regular]:+tlig;!
Missing character: There is no  (U+540C) in font [lmroman10-regular]:+tlig;!
Missing character: There is no  (U+3058) in font [lmroman10-regular]:+tlig;!
Missing character: There is no  (U+30E9) in font [lmroman10-regular]:+tlig;!
Missing character: There is no  (U+30A4) in font [lmroman10-regular]:+tlig;!
Missing character: There is no  (U+30BB) in font [lmroman10-regular]:+tlig;!
Missing character: There is no  (U+30F3) in font [lmroman10-regular]:+tlig;!
Missing character: There is no  (U+30B9) in font [lmroman10-regular]:+tlig;!
Missing character: There is no  (U+FF0C) in font [lmroman10-regular]:+tlig;!
Missing character: There is no  (U+3092) in font [lmroman10-regular]:+tlig;!
Missing character: There is no  (U+9069) in font [lmroman10-regular]:+tlig;!
Missing character: There is no  (U+7528) in font [lmroman10-regular]:+tlig;!
Missing character: There is no  (U+3057) in font [lmroman10-regular]:+tlig;!
Missing character: There is no  (U+306A) in font [lmroman10-regular]:+tlig;!
Missing character: There is no  (U+3051) in font [lmroman10-regular]:+tlig;!
Missing character: There is no  (U+308C) in font [lmroman10-regular]:+tlig;!
Missing character: There is no  (U+3070) in font [lmroman10-regular]:+tlig;!
Missing character: There is no  (U+306A) in font [lmroman10-regular]:+tlig;!
Missing character: There is no  (U+308A) in font [lmroman10-regular]:+tlig;!
Missing character: There is no  (U+307E) in font [lmroman10-regular]:+tlig;!
Missing character: There is no  (U+305B) in font [lmroman10-regular]:+tlig;!
Missing character: There is no  (U+3093) in font [lmroman10-regular]:+tlig;!
Missing character: There is no  (U+3002) in font [lmroman10-regular]:+tlig;!
] [2

]
Chapter 1.
[3] [4] [5]

LaTeX Warning: Citation 'tidyverse' on page 6 undefined on input line 526.


LaTeX Warning: Citation 'psych' on page 6 undefined on input line 536.


LaTeX Warning: Citation 'GPArotation' on page 6 undefined on input line 540.


LaTeX Warning: Citation 'lavaan' on page 6 undefined on input line 543.


LaTeX Warning: Citation 'CTV' on page 6 undefined on input line 547.


LaTeX Warning: Citation 'cmdstanr' on page 6 undefined on input line 552.

[6]

LaTeX Warning: Citation 'Kinosady2021' on page 7 undefined on input line 565.

[7] [8]
Chapter 2.
[9

] [10
Missing character: There is no  (U+306B) in font [lmroman10-regular]:+tlig;!
Missing character: There is no  (U+304A) in font [lmroman10-regular]:+tlig;!
Missing character: There is no  (U+306A) in font [lmroman10-regular]:+tlig;!
Missing character: There is no  (U+3058) in font [lmroman10-regular]:+tlig;!
] [11] [12] [13] [14]

LaTeX Warning: Citation 'stevens1946' on page 15 undefined on input line 1181.

[15] [16] [17] [18]
Chapter 3.
[19

] [20] [21]
Underfull \vbox (badness 10000) has occurred while \output is active []

[22] [23]

LaTeX Warning: Citation 'soumu' on page 24 undefined on input line 1868.


LaTeX Warning: Citation 'Hadley2014' on page 24 undefined on input line 1886.

[24] [25] [26]
Chapter 4.

LaTeX Warning: Citation 'Takahashi201805' on page 27 undefined on input line 20
97.

[27

] [28]

LaTeX Warning: Citation 'Takahashi201805' on page 29 undefined on input line 22
19.

[29] [30]

LaTeX Warning: Citation 'Kieran2018' on page 31 undefined on input line 2366.

[31]
LaTeX Font Info:    Font shape `TU/lmtt/bx/n' in size <10> not available
(Font)              Font shape `TU/lmtt/b/n' tried instead on input line 2473.
[32] [33] [34]
Chapter 5.

LaTeX Warning: Citation 'Kinosady2021' on page 35 undefined on input line 2676.


[35

] [36]
Chapter 6.
[37

] [38

]
Chapter 7.
[39] [40

]
Chapter 8.
[41] [42

]
Chapter 9.
[43] [44

]
Chapter 10.
[45] [46

]
Chapter 11.
[47] [48
Missing character: There is no  (U+5E74) in font [lmroman10-regular]:+tlig;!
Missing character: There is no  (U+5EA6) in font [lmroman10-regular]:+tlig;!
]
Chapter 12.
[49

] [50

]
Chapter 13.
[51] [52

]
Chapter 14.
[53] [54

]
Chapter 15.

LaTeX Warning: Citation 'kosugi2023' on page 55 undefined on input line 3025.


LaTeX Warning: Citation 'Jared_P_Lander2018-12-28' on page 55 undefined on inpu
t line 3027.


LaTeX Warning: Citation 'Ren_Kun2017-11-23' on page 55 undefined on input line 
3027.


LaTeX Warning: Citation 'Hadley_Wickham2016-02-10' on page 55 undefined on inpu
t line 3028.


LaTeX Warning: Reference `sec-Rbase' on page 55 undefined on input line 3058.

[55]
! Undefined control sequence.
l.3157 value is'', i, ``.\n
                         '' I'm sorry, but you didn't provide the Japanese

Here is how much of LuaTeX's memory you used:
 29462 strings out of 476553
 125086,1977958 words of node,token memory allocated
 32192 words of node memory still in use:
   59 hlist, 1 vlist, 2 rule, 221 disc, 16 local_par, 1 dir, 696 glue, 217 kern,
 46 penalty, 27 margin_kern, 3155 glyph, 91 attribute, 71 glue_spec, 91 attribut
e_list, 1 temp, 2 write, 1 user_defined, 1 pdf_dest, 2 pdf_colorstack nodes
   avail lists: 1:2,2:207,3:133,4:91,5:533,6:29,7:10070,8:12,9:150,10:24,11:514
 50887 multiletter control sequences out of 65536+600000
 72 fonts using 20348971 bytes
 90i,8n,120p,1001b,1581s stack positions out of 10000i,1000n,20000p,200000b,200000s
!  ==> Fatal error occurred, no output PDF file produced!
